=\pretest.json 
{
  _: [],
  f: [
    'e:\\DELL\\Downloads\\ph3-exp-template-main\\ph3-exp-template-main\\experiment\\pretest.json'
  ],
  files: [
    'e:\\DELL\\Downloads\\ph3-exp-template-main\\ph3-exp-template-main\\experiment\\pretest.json'
  ],
  c: 'assessment',
  contentTypes: 'assessment',
  'content-types': 'assessment',
  '$0': 'validate'
}
Validated true
=\posttest.json 
{
  _: [],
  f: [
    'e:\\DELL\\Downloads\\ph3-exp-template-main\\ph3-exp-template-main\\experiment\\posttest.json'
  ],
  files: [
    'e:\\DELL\\Downloads\\ph3-exp-template-main\\ph3-exp-template-main\\experiment\\posttest.json'
  ],
  c: 'assessment',
  contentTypes: 'assessment',
  'content-types': 'assessment',
  '$0': 'validate'
}
Validated true
